<?xml version="1.0" encoding="UTF-8"?>
<robot generator="Robot 4.1.2 (Python 3.10.0 on darwin)" generated="20240220 14:29:21.237" rpa="false" schemaversion="2">
<suite id="s1" name="Tc1" source="/Users/pavankumar/VSCODE/pythonprojects/project_001/robotframework/testcases/tc1.robot">
<test id="s1-t1" name="Logintest">
<kw name="Open Browser" library="SeleniumLibrary">
<arg>url=https://demo.nopcommerce.com/login?returnUrl=%2F Chrome</arg>
<doc>Opens a new browser instance to the optional ``url``.</doc>
<msg timestamp="20240220 14:29:21.314" level="INFO">Opening browser 'firefox' to base url 'https://demo.nopcommerce.com/login?returnUrl=%2F Chrome'.</msg>
<msg timestamp="20240220 14:29:21.315" level="INFO">Firefox driver log is always forced to to: /Users/pavankumar/VSCODE/pythonprojects/project_001/robotframework/testcases/geckodriver-1.log</msg>
<kw name="Capture Page Screenshot" library="SeleniumLibrary">
<doc>Takes a screenshot of the current page and embeds it into a log file.</doc>
<msg timestamp="20240220 14:29:21.315" level="INFO">Cannot capture screenshot because no browser is open.</msg>
<status status="PASS" starttime="20240220 14:29:21.315" endtime="20240220 14:29:21.315"/>
</kw>
<msg timestamp="20240220 14:29:21.316" level="FAIL">TypeError: WebDriver.__init__() got an unexpected keyword argument 'firefox_profile'</msg>
<status status="FAIL" starttime="20240220 14:29:21.314" endtime="20240220 14:29:21.316"/>
</kw>
<status status="FAIL" starttime="20240220 14:29:21.314" endtime="20240220 14:29:21.316">TypeError: WebDriver.__init__() got an unexpected keyword argument 'firefox_profile'</status>
</test>
<status status="FAIL" starttime="20240220 14:29:21.238" endtime="20240220 14:29:21.317"/>
</suite>
<statistics>
<total>
<stat pass="0" fail="1" skip="0">All Tests</stat>
</total>
<tag>
</tag>
<suite>
<stat pass="0" fail="1" skip="0" id="s1" name="Tc1">Tc1</stat>
</suite>
</statistics>
<errors>
</errors>
</robot>
